# JRE version: Java(TM) SE Runtime Environment (8.0_102-b14) (build 1.8.0_102-b14)
# Java VM: Java HotSpot(TM) 64-Bit Server VM (25.102-b14 mixed mode windows-amd64 compressed oops)
Heap:
 PSYoungGen      total 1042944K, used 456507K [0x000000076af80000, 0x00000007bfd80000, 0x00000007c0000000)
  eden space 699392K, 27% used [0x000000076af80000,0x0000000776da2ea0,0x0000000795a80000)
  from space 343552K, 76% used [0x00000007aae00000,0x00000007badabea0,0x00000007bfd80000)
  to   space 345600K, 0% used [0x0000000795a80000,0x0000000795a80000,0x00000007aac00000)
 ParOldGen       total 471040K, used 237057K [0x00000006c0e00000, 0x00000006dda00000, 0x000000076af80000)
  object space 471040K, 50% used [0x00000006c0e00000,0x00000006cf580580,0x00000006dda00000)
 Metaspace       used 13018K, capacity 13198K, committed 13440K, reserved 1060864K
  class space    used 1561K, capacity 1645K, committed 1664K, reserved 1048576K
GC Heap History (10 events):
Event: 41.661 GC heap before
{Heap before GC invocations=36 (full 4):
 PSYoungGen      total 1028608K, used 927589K [0x000000076af80000, 0x00000007c0000000, 0x00000007c0000000)
  eden space 681472K, 100% used [0x000000076af80000,0x0000000794900000,0x0000000794900000)
  from space 347136K, 70% used [0x0000000794900000,0x00000007a3959780,0x00000007a9c00000)
  to   space 345600K, 0% used [0x00000007aae80000,0x00000007aae80000,0x00000007c0000000)
 ParOldGen       total 471040K, used 236801K [0x00000006c0e00000, 0x00000006dda00000, 0x000000076af80000)
  object space 471040K, 50% used [0x00000006c0e00000,0x00000006cf540580,0x00000006dda00000)
 Metaspace       used 12970K, capacity 13166K, committed 13440K, reserved 1060864K
  class space    used 1560K, capacity 1613K, committed 1664K, reserved 1048576K
Event: 41.690 GC heap after
Heap after GC invocations=36 (full 4):
 PSYoungGen      total 1040384K, used 262141K [0x000000076af80000, 0x00000007c0000000, 0x00000007c0000000)
  eden space 694784K, 0% used [0x000000076af80000,0x000000076af80000,0x0000000795600000)
  from space 345600K, 75% used [0x00000007aae80000,0x00000007bae7f550,0x00000007c0000000)
  to   space 349184K, 0% used [0x0000000795600000,0x0000000795600000,0x00000007aab00000)
 ParOldGen       total 471040K, used 236865K [0x00000006c0e00000, 0x00000006dda00000, 0x000000076af80000)
  object space 471040K, 50% used [0x00000006c0e00000,0x00000006cf550580,0x00000006dda00000)
 Metaspace       used 12970K, capacity 13166K, committed 13440K, reserved 1060864K
  class space    used 1560K, capacity 1613K, committed 1664K, reserved 1048576K
}
Event: 43.161 GC heap before
{Heap before GC invocations=37 (full 4):
 PSYoungGen      total 1040384K, used 956925K [0x000000076af80000, 0x00000007c0000000, 0x00000007c0000000)
  eden space 694784K, 100% used [0x000000076af80000,0x0000000795600000,0x0000000795600000)
  from space 345600K, 75% used [0x00000007aae80000,0x00000007bae7f550,0x00000007c0000000)
  to   space 349184K, 0% used [0x0000000795600000,0x0000000795600000,0x00000007aab00000)
 ParOldGen       total 471040K, used 236865K [0x00000006c0e00000, 0x00000006dda00000, 0x000000076af80000)
  object space 471040K, 50% used [0x00000006c0e00000,0x00000006cf550580,0x00000006dda00000)
 Metaspace       used 12970K, capacity 13166K, committed 13440K, reserved 1060864K
  class space    used 1560K, capacity 1613K, committed 1664K, reserved 1048576K
Event: 43.190 GC heap after
Heap after GC invocations=37 (full 4):
 PSYoungGen      total 940032K, used 244985K [0x000000076af80000, 0x00000007bfa80000, 0x00000007c0000000)
  eden space 694784K, 0% used [0x000000076af80000,0x000000076af80000,0x0000000795600000)
  from space 245248K, 99% used [0x0000000795600000,0x00000007a453e400,0x00000007a4580000)
  to   space 344576K, 0% used [0x00000007aaa00000,0x00000007aaa00000,0x00000007bfa80000)
 ParOldGen       total 471040K, used 236905K [0x00000006c0e00000, 0x00000006dda00000, 0x000000076af80000)
  object space 471040K, 50% used [0x00000006c0e00000,0x00000006cf55a580,0x00000006dda00000)
 Metaspace       used 12970K, capacity 13166K, committed 13440K, reserved 1060864K
  class space    used 1560K, capacity 1613K, committed 1664K, reserved 1048576K
}
Event: 44.656 GC heap before
{Heap before GC invocations=38 (full 4):
 PSYoungGen      total 940032K, used 939769K [0x000000076af80000, 0x00000007bfa80000, 0x00000007c0000000)
  eden space 694784K, 100% used [0x000000076af80000,0x0000000795600000,0x0000000795600000)
  from space 245248K, 99% used [0x0000000795600000,0x00000007a453e400,0x00000007a4580000)
  to   space 344576K, 0% used [0x00000007aaa00000,0x00000007aaa00000,0x00000007bfa80000)
 ParOldGen       total 471040K, used 236905K [0x00000006c0e00000, 0x00000006dda00000, 0x000000076af80000)
  object space 471040K, 50% used [0x00000006c0e00000,0x00000006cf55a580,0x00000006dda00000)
 Metaspace       used 12970K, capacity 13166K, committed 13440K, reserved 1060864K
  class space    used 1560K, capacity 1613K, committed 1664K, reserved 1048576K
Event: 44.686 GC heap after
Heap after GC invocations=38 (full 4):
 PSYoungGen      total 1039872K, used 265323K [0x000000076af80000, 0x00000007c0000000, 0x00000007c0000000)
  eden space 695296K, 0% used [0x000000076af80000,0x000000076af80000,0x0000000795680000)
  from space 344576K, 76% used [0x00000007aaa00000,0x00000007bad1adb0,0x00000007bfa80000)
  to   space 347648K, 0% used [0x0000000795680000,0x0000000795680000,0x00000007aaa00000)
 ParOldGen       total 471040K, used 236961K [0x00000006c0e00000, 0x00000006dda00000, 0x000000076af80000)
  object space 471040K, 50% used [0x00000006c0e00000,0x00000006cf568580,0x00000006dda00000)
 Metaspace       used 12970K, capacity 13166K, committed 13440K, reserved 1060864K
  class space    used 1560K, capacity 1613K, committed 1664K, reserved 1048576K
}
Event: 46.133 GC heap before
{Heap before GC invocations=39 (full 4):
 PSYoungGen      total 1039872K, used 960619K [0x000000076af80000, 0x00000007c0000000, 0x00000007c0000000)
  eden space 695296K, 100% used [0x000000076af80000,0x0000000795680000,0x0000000795680000)
  from space 344576K, 76% used [0x00000007aaa00000,0x00000007bad1adb0,0x00000007bfa80000)
  to   space 347648K, 0% used [0x0000000795680000,0x0000000795680000,0x00000007aaa00000)
 ParOldGen       total 471040K, used 236961K [0x00000006c0e00000, 0x00000006dda00000, 0x000000076af80000)
  object space 471040K, 50% used [0x00000006c0e00000,0x00000006cf568580,0x00000006dda00000)
 Metaspace       used 12970K, capacity 13166K, committed 13440K, reserved 1060864K
  class space    used 1560K, capacity 1613K, committed 1664K, reserved 1048576K
Event: 46.163 GC heap after
Heap after GC invocations=39 (full 4):
 PSYoungGen      total 1042944K, used 256140K [0x000000076af80000, 0x00000007c0000000, 0x00000007c0000000)
  eden space 695296K, 0% used [0x000000076af80000,0x000000076af80000,0x0000000795680000)
  from space 347648K, 73% used [0x0000000795680000,0x00000007a50a3138,0x00000007aaa00000)
  to   space 346112K, 0% used [0x00000007aae00000,0x00000007aae00000,0x00000007c0000000)
 ParOldGen       total 471040K, used 237001K [0x00000006c0e00000, 0x00000006dda00000, 0x000000076af80000)
  object space 471040K, 50% used [0x00000006c0e00000,0x00000006cf572580,0x00000006dda00000)
 Metaspace       used 12970K, capacity 13166K, committed 13440K, reserved 1060864K
  class space    used 1560K, capacity 1613K, committed 1664K, reserved 1048576K
}
Event: 47.585 GC heap before
{Heap before GC invocations=40 (full 4):
 PSYoungGen      total 1042944K, used 951436K [0x000000076af80000, 0x00000007c0000000, 0x00000007c0000000)
  eden space 695296K, 100% used [0x000000076af80000,0x0000000795680000,0x0000000795680000)
  from space 347648K, 73% used [0x0000000795680000,0x00000007a50a3138,0x00000007aaa00000)
  to   space 346112K, 0% used [0x00000007aae00000,0x00000007aae00000,0x00000007c0000000)
 ParOldGen       total 471040K, used 237001K [0x00000006c0e00000, 0x00000006dda00000, 0x000000076af80000)
  object space 471040K, 50% used [0x00000006c0e00000,0x00000006cf572580,0x00000006dda00000)
 Metaspace       used 13014K, capacity 13166K, committed 13440K, reserved 1060864K
  class space    used 1560K, capacity 1613K, committed 1664K, reserved 1048576K
Event: 47.615 GC heap after
Heap after GC invocations=40 (full 4):
 PSYoungGen      total 1042944K, used 261807K [0x000000076af80000, 0x00000007bfd80000, 0x00000007c0000000)
  eden space 699392K, 0% used [0x000000076af80000,0x000000076af80000,0x0000000795a80000)
  from space 343552K, 76% used [0x00000007aae00000,0x00000007badabea0,0x00000007bfd80000)
  to   space 345600K, 0% used [0x0000000795a80000,0x0000000795a80000,0x00000007aac00000)
 ParOldGen       total 471040K, used 237057K [0x00000006c0e00000, 0x00000006dda00000, 0x000000076af80000)
  object space 471040K, 50% used [0x00000006c0e00000,0x00000006cf580580,0x00000006dda00000)
 Metaspace       used 13014K, capacity 13166K, committed 13440K, reserved 1060864K
  class space    used 1560K, capacity 1613K, committed 1664K, reserved 1048576K
}

